# JRE version: OpenJDK Runtime Environment (22.0.2+9) (build 22.0.2+9)
# Java VM: OpenJDK 64-Bit Server VM (22.0.2+9, mixed mode, sharing, tiered, compressed oops, compressed class ptrs, g1 gc, linux-amd64)
GC Precious Log:
 CardTable entry size: 512
 Card Set container configuration: InlinePtr #cards 5 size 8 Array Of Cards #cards 12 size 40 Howl #buckets 4 coarsen threshold 1843 Howl Bitmap #cards 512 size 80 coarsen threshold 460 Card regions per heap region 1 cards per card region 2048
 CPUs: 8 total, 8 available
 Memory: 7820M
 Large Page Support: Disabled
 NUMA Support: Disabled
 Compressed Oops: Enabled (32-bit)
 Heap Region Size: 1M
 Heap Min Capacity: 8M
 Heap Initial Capacity: 124M
 Heap Max Capacity: 1956M
 Pre-touch: Disabled
 Parallel Workers: 8
 Concurrent Workers: 2
 Concurrent Refinement Workers: 8
 Periodic GC: Disabled
Heap:
 garbage-first heap   total reserved 2002944K, committed 129024K, used 90721K [0x0000000085c00000, 0x0000000100000000)
  region size 1024K, 18 young (18432K), 8 survivors (8192K)
 Metaspace       used 50441K, committed 51008K, reserved 1114112K
  class space    used 6357K, committed 6592K, reserved 1048576K
GC Heap History (20 events):
Event: 1.318 GC heap before
{Heap before GC invocations=1 (full 0):
 garbage-first heap   total reserved 2002944K, committed 129024K, used 44428K [0x0000000085c00000, 0x0000000100000000)
  region size 1024K, 43 young (44032K), 3 survivors (3072K)
 Metaspace       used 12841K, committed 13056K, reserved 1114112K
  class space    used 1548K, committed 1664K, reserved 1048576K
}
Event: 1.325 GC heap after
{Heap after GC invocations=2 (full 0):
 garbage-first heap   total reserved 2002944K, committed 129024K, used 7706K [0x0000000085c00000, 0x0000000100000000)
  region size 1024K, 6 young (6144K), 6 survivors (6144K)
 Metaspace       used 12841K, committed 13056K, reserved 1114112K
  class space    used 1548K, committed 1664K, reserved 1048576K
}
Event: 2.212 GC heap before
{Heap before GC invocations=2 (full 0):
 garbage-first heap   total reserved 2002944K, committed 129024K, used 77338K [0x0000000085c00000, 0x0000000100000000)
  region size 1024K, 74 young (75776K), 6 survivors (6144K)
 Metaspace       used 17782K, committed 18112K, reserved 1114112K
  class space    used 2061K, committed 2176K, reserved 1048576K
}
Event: 2.227 GC heap after
{Heap after GC invocations=3 (full 0):
 garbage-first heap   total reserved 2002944K, committed 129024K, used 12986K [0x0000000085c00000, 0x0000000100000000)
  region size 1024K, 9 young (9216K), 9 survivors (9216K)
 Metaspace       used 17782K, committed 18112K, reserved 1114112K
  class space    used 2061K, committed 2176K, reserved 1048576K
}
Event: 2.588 GC heap before
{Heap before GC invocations=3 (full 0):
 garbage-first heap   total reserved 2002944K, committed 129024K, used 34490K [0x0000000085c00000, 0x0000000100000000)
  region size 1024K, 31 young (31744K), 9 survivors (9216K)
 Metaspace       used 21129K, committed 21504K, reserved 1114112K
  class space    used 2408K, committed 2624K, reserved 1048576K
}
Event: 2.601 GC heap after
{Heap after GC invocations=4 (full 0):
 garbage-first heap   total reserved 2002944K, committed 129024K, used 16086K [0x0000000085c00000, 0x0000000100000000)
  region size 1024K, 8 young (8192K), 8 survivors (8192K)
 Metaspace       used 21129K, committed 21504K, reserved 1114112K
  class space    used 2408K, committed 2624K, reserved 1048576K
}
Event: 2.981 GC heap before
{Heap before GC invocations=5 (full 0):
 garbage-first heap   total reserved 2002944K, committed 58368K, used 57046K [0x0000000085c00000, 0x0000000100000000)
  region size 1024K, 48 young (49152K), 8 survivors (8192K)
 Metaspace       used 22396K, committed 22720K, reserved 1114112K
  class space    used 2512K, committed 2688K, reserved 1048576K
}
Event: 2.998 GC heap after
{Heap after GC invocations=6 (full 0):
 garbage-first heap   total reserved 2002944K, committed 68608K, used 17652K [0x0000000085c00000, 0x0000000100000000)
  region size 1024K, 4 young (4096K), 4 survivors (4096K)
 Metaspace       used 22396K, committed 22720K, reserved 1114112K
  class space    used 2512K, committed 2688K, reserved 1048576K
}
Event: 3.652 GC heap before
{Heap before GC invocations=6 (full 0):
 garbage-first heap   total reserved 2002944K, committed 68608K, used 54516K [0x0000000085c00000, 0x0000000100000000)
  region size 1024K, 40 young (40960K), 4 survivors (4096K)
 Metaspace       used 30536K, committed 30912K, reserved 1114112K
  class space    used 3468K, committed 3648K, reserved 1048576K
}
Event: 3.665 GC heap after
{Heap after GC invocations=7 (full 0):
 garbage-first heap   total reserved 2002944K, committed 82944K, used 26323K [0x0000000085c00000, 0x0000000100000000)
  region size 1024K, 5 young (5120K), 5 survivors (5120K)
 Metaspace       used 30536K, committed 30912K, reserved 1114112K
  class space    used 3468K, committed 3648K, reserved 1048576K
}
Event: 3.895 GC heap before
{Heap before GC invocations=7 (full 0):
 garbage-first heap   total reserved 2002944K, committed 82944K, used 67283K [0x0000000085c00000, 0x0000000100000000)
  region size 1024K, 45 young (46080K), 5 survivors (5120K)
 Metaspace       used 30988K, committed 31360K, reserved 1114112K
  class space    used 3483K, committed 3648K, reserved 1048576K
}
Event: 3.921 GC heap after
{Heap after GC invocations=8 (full 0):
 garbage-first heap   total reserved 2002944K, committed 82944K, used 33107K [0x0000000085c00000, 0x0000000100000000)
  region size 1024K, 6 young (6144K), 6 survivors (6144K)
 Metaspace       used 30988K, committed 31360K, reserved 1114112K
  class space    used 3483K, committed 3648K, reserved 1048576K
}
Event: 4.617 GC heap before
{Heap before GC invocations=8 (full 0):
 garbage-first heap   total reserved 2002944K, committed 82944K, used 67923K [0x0000000085c00000, 0x0000000100000000)
  region size 1024K, 40 young (40960K), 6 survivors (6144K)
 Metaspace       used 33439K, committed 33856K, reserved 1114112K
  class space    used 3760K, committed 3968K, reserved 1048576K
}
Event: 4.637 GC heap after
{Heap after GC invocations=9 (full 0):
 garbage-first heap   total reserved 2002944K, committed 82944K, used 36563K [0x0000000085c00000, 0x0000000100000000)
  region size 1024K, 3 young (3072K), 3 survivors (3072K)
 Metaspace       used 33439K, committed 33856K, reserved 1114112K
  class space    used 3760K, committed 3968K, reserved 1048576K
}
Event: 5.146 GC heap before
{Heap before GC invocations=9 (full 0):
 garbage-first heap   total reserved 2002944K, committed 82944K, used 70355K [0x0000000085c00000, 0x0000000100000000)
  region size 1024K, 36 young (36864K), 3 survivors (3072K)
 Metaspace       used 34341K, committed 34816K, reserved 1114112K
  class space    used 3846K, committed 4032K, reserved 1048576K
}
Event: 5.155 GC heap after
{Heap after GC invocations=10 (full 0):
 garbage-first heap   total reserved 2002944K, committed 82944K, used 38815K [0x0000000085c00000, 0x0000000100000000)
  region size 1024K, 3 young (3072K), 3 survivors (3072K)
 Metaspace       used 34341K, committed 34816K, reserved 1114112K
  class space    used 3846K, committed 4032K, reserved 1048576K
}
Event: 5.214 GC heap before
{Heap before GC invocations=10 (full 0):
 garbage-first heap   total reserved 2002944K, committed 82944K, used 41887K [0x0000000085c00000, 0x0000000100000000)
  region size 1024K, 8 young (8192K), 3 survivors (3072K)
 Metaspace       used 35435K, committed 35968K, reserved 1114112K
  class space    used 4025K, committed 4288K, reserved 1048576K
}
Event: 5.218 GC heap after
{Heap after GC invocations=11 (full 0):
 garbage-first heap   total reserved 2002944K, committed 117760K, used 39327K [0x0000000085c00000, 0x0000000100000000)
  region size 1024K, 4 young (4096K), 4 survivors (4096K)
 Metaspace       used 35435K, committed 35968K, reserved 1114112K
  class space    used 4025K, committed 4288K, reserved 1048576K
}
Event: 10.331 GC heap before
{Heap before GC invocations=12 (full 0):
 garbage-first heap   total reserved 2002944K, committed 119808K, used 117151K [0x0000000085c00000, 0x0000000100000000)
  region size 1024K, 46 young (47104K), 4 survivors (4096K)
 Metaspace       used 49467K, committed 50048K, reserved 1114112K
  class space    used 6290K, committed 6528K, reserved 1048576K
}
Event: 10.339 GC heap after
{Heap after GC invocations=13 (full 0):
 garbage-first heap   total reserved 2002944K, committed 129024K, used 81505K [0x0000000085c00000, 0x0000000100000000)
  region size 1024K, 8 young (8192K), 8 survivors (8192K)
 Metaspace       used 49467K, committed 50048K, reserved 1114112K
  class space    used 6290K, committed 6528K, reserved 1048576K
}

